{
  "RSpec": {
    "coverage": {
      "/Users/student/Projects/week10/bank_app/spec/account_spec.rb": {
        "lines": [
          1,
          null,
          1,
          null,
          1,
          1,
          1,
          null,
          null,
          1,
          1,
          null,
          null,
          null,
          1,
          1,
          4,
          null,
          null,
          1,
          1,
          1,
          null,
          null,
          1,
          2,
          null,
          null,
          null,
          1,
          5,
          null,
          1,
          4,
          null,
          null,
          1,
          1,
          1,
          null,
          null,
          1,
          2,
          null,
          null,
          1,
          2,
          null,
          null,
          null,
          null
        ]
      },
      "/Users/student/Projects/week10/bank_app/lib/account.rb": {
        "lines": [
          1,
          null,
          1,
          1,
          null,
          1,
          9,
          9,
          null,
          null,
          1,
          3,
          null,
          null,
          1,
          7,
          6,
          6,
          null,
          null,
          1,
          4,
          3,
          2,
          2,
          null,
          null,
          1,
          null,
          1,
          11,
          null,
          null,
          1,
          3,
          null,
          null,
          null
        ]
      },
      "/Users/student/Projects/week10/bank_app/lib/transaction.rb": {
        "lines": [
          1,
          null,
          1,
          null,
          1,
          12,
          12,
          12,
          null,
          null,
          1,
          13,
          null,
          null,
          1,
          1,
          0,
          null,
          1,
          null,
          null,
          null,
          null
        ]
      },
      "/Users/student/Projects/week10/bank_app/spec/transaction_log_spec.rb": {
        "lines": [

        ]
      },
      "/Users/student/Projects/week10/bank_app/spec/transaction_spec.rb": {
        "lines": [
          1,
          null,
          1,
          null,
          5,
          null,
          1,
          1,
          1,
          null,
          null,
          1,
          1,
          null,
          null,
          null,
          1,
          1,
          1,
          null,
          null,
          null,
          1,
          1,
          1,
          null,
          null,
          null,
          null
        ]
      }
    },
    "timestamp": 1582570417
  }
}
